0 info it worked if it ends with ok
1 verbose cli [ 'C:\\Program Files\\nodejs\\node.exe',
1 verbose cli   'C:\\Users\\RED25\\AppData\\Roaming\\npm\\node_modules\\npm\\bin\\npm-cli.js',
1 verbose cli   'install',
1 verbose cli   'canvas',
1 verbose cli   '--saved' ]
2 info using npm@3.10.6
3 info using node@v5.10.0
4 silly loadCurrentTree Starting
5 silly install loadCurrentTree
6 silly install readLocalPackageData
7 silly fetchPackageMetaData canvas
8 silly fetchNamedPackageData canvas
9 silly mapToRegistry name canvas
10 silly mapToRegistry using default registry
11 silly mapToRegistry registry https://registry.npmjs.org/
12 silly mapToRegistry data Result {
12 silly mapToRegistry   raw: 'canvas',
12 silly mapToRegistry   scope: null,
12 silly mapToRegistry   escapedName: 'canvas',
12 silly mapToRegistry   name: 'canvas',
12 silly mapToRegistry   rawSpec: '',
12 silly mapToRegistry   spec: 'latest',
12 silly mapToRegistry   type: 'tag' }
13 silly mapToRegistry uri https://registry.npmjs.org/canvas
14 verbose request uri https://registry.npmjs.org/canvas
15 verbose request no auth needed
16 info attempt registry request try #1 at 20:51:29
17 verbose request id a2cf3ecd2baa36e6
18 verbose etag "4I2P0TKVC9SQJT1YY5MXH0Z5X"
19 http request GET https://registry.npmjs.org/canvas
20 http 304 https://registry.npmjs.org/canvas
21 verbose headers { date: 'Sat, 01 Oct 2016 01:51:33 GMT',
21 verbose headers   via: '1.1 varnish',
21 verbose headers   'cache-control': 'max-age=300',
21 verbose headers   etag: '"4I2P0TKVC9SQJT1YY5MXH0Z5X"',
21 verbose headers   age: '60',
21 verbose headers   connection: 'keep-alive',
21 verbose headers   'x-served-by': 'cache-dfw1846-DFW',
21 verbose headers   'x-cache': 'HIT',
21 verbose headers   'x-cache-hits': '1',
21 verbose headers   'x-timer': 'S1475286693.250178,VS0,VE0',
21 verbose headers   vary: 'Accept-Encoding' }
22 silly get cb [ 304,
22 silly get   { date: 'Sat, 01 Oct 2016 01:51:33 GMT',
22 silly get     via: '1.1 varnish',
22 silly get     'cache-control': 'max-age=300',
22 silly get     etag: '"4I2P0TKVC9SQJT1YY5MXH0Z5X"',
22 silly get     age: '60',
22 silly get     connection: 'keep-alive',
22 silly get     'x-served-by': 'cache-dfw1846-DFW',
22 silly get     'x-cache': 'HIT',
22 silly get     'x-cache-hits': '1',
22 silly get     'x-timer': 'S1475286693.250178,VS0,VE0',
22 silly get     vary: 'Accept-Encoding' } ]
23 verbose etag https://registry.npmjs.org/canvas from cache
24 verbose get saving canvas to C:\Users\RED25\AppData\Roaming\npm-cache\registry.npmjs.org\canvas\.cache.json
25 verbose correctMkdir C:\Users\RED25\AppData\Roaming\npm-cache correctMkdir not in flight; initializing
26 silly install normalizeTree
27 silly loadCurrentTree Finishing
28 silly loadIdealTree Starting
29 silly install loadIdealTree
30 silly cloneCurrentTree Starting
31 silly install cloneCurrentTreeToIdealTree
32 silly cloneCurrentTree Finishing
33 silly loadShrinkwrap Starting
34 silly install loadShrinkwrap
35 silly loadShrinkwrap Finishing
36 silly loadAllDepsIntoIdealTree Starting
37 silly install loadAllDepsIntoIdealTree
38 silly resolveWithNewModule canvas@1.5.0 checking installable status
39 silly cache add args [ 'canvas', null ]
40 verbose cache add spec canvas
41 silly cache add parsed spec Result {
41 silly cache add   raw: 'canvas',
41 silly cache add   scope: null,
41 silly cache add   escapedName: 'canvas',
41 silly cache add   name: 'canvas',
41 silly cache add   rawSpec: '',
41 silly cache add   spec: 'latest',
41 silly cache add   type: 'tag' }
42 silly addNamed canvas@latest
43 verbose addNamed "latest" is being treated as a dist-tag for canvas
44 info addNameTag [ 'canvas', 'latest' ]
45 silly mapToRegistry name canvas
46 silly mapToRegistry using default registry
47 silly mapToRegistry registry https://registry.npmjs.org/
48 silly mapToRegistry data Result {
48 silly mapToRegistry   raw: 'canvas',
48 silly mapToRegistry   scope: null,
48 silly mapToRegistry   escapedName: 'canvas',
48 silly mapToRegistry   name: 'canvas',
48 silly mapToRegistry   rawSpec: '',
48 silly mapToRegistry   spec: 'latest',
48 silly mapToRegistry   type: 'tag' }
49 silly mapToRegistry uri https://registry.npmjs.org/canvas
50 verbose addNameTag registry:https://registry.npmjs.org/canvas not in flight; fetching
51 verbose get https://registry.npmjs.org/canvas not expired, no request
52 silly addNameTag next cb for canvas with tag latest
53 silly addNamed canvas@1.5.0
54 verbose addNamed "1.5.0" is a plain semver version for canvas
55 silly cache afterAdd canvas@1.5.0
56 verbose afterAdd C:\Users\RED25\AppData\Roaming\npm-cache\canvas\1.5.0\package\package.json not in flight; writing
57 verbose correctMkdir C:\Users\RED25\AppData\Roaming\npm-cache correctMkdir not in flight; initializing
58 verbose afterAdd C:\Users\RED25\AppData\Roaming\npm-cache\canvas\1.5.0\package\package.json written
59 silly fetchNamedPackageData nan
60 silly mapToRegistry name nan
61 silly mapToRegistry using default registry
62 silly mapToRegistry registry https://registry.npmjs.org/
63 silly mapToRegistry data Result {
63 silly mapToRegistry   raw: 'nan',
63 silly mapToRegistry   scope: null,
63 silly mapToRegistry   escapedName: 'nan',
63 silly mapToRegistry   name: 'nan',
63 silly mapToRegistry   rawSpec: '',
63 silly mapToRegistry   spec: 'latest',
63 silly mapToRegistry   type: 'tag' }
64 silly mapToRegistry uri https://registry.npmjs.org/nan
65 verbose request uri https://registry.npmjs.org/nan
66 verbose request no auth needed
67 info attempt registry request try #1 at 20:51:30
68 verbose etag "1YJEPM5V4XH0MZT0HV3B8R9BB"
69 http request GET https://registry.npmjs.org/nan
70 http 304 https://registry.npmjs.org/nan
71 verbose headers { date: 'Sat, 01 Oct 2016 01:51:34 GMT',
71 verbose headers   via: '1.1 varnish',
71 verbose headers   'cache-control': 'max-age=300',
71 verbose headers   etag: '"1YJEPM5V4XH0MZT0HV3B8R9BB"',
71 verbose headers   age: '0',
71 verbose headers   connection: 'keep-alive',
71 verbose headers   'x-served-by': 'cache-dfw1846-DFW',
71 verbose headers   'x-cache': 'HIT',
71 verbose headers   'x-cache-hits': '1',
71 verbose headers   'x-timer': 'S1475286694.152358,VS0,VE75',
71 verbose headers   vary: 'Accept-Encoding' }
72 silly get cb [ 304,
72 silly get   { date: 'Sat, 01 Oct 2016 01:51:34 GMT',
72 silly get     via: '1.1 varnish',
72 silly get     'cache-control': 'max-age=300',
72 silly get     etag: '"1YJEPM5V4XH0MZT0HV3B8R9BB"',
72 silly get     age: '0',
72 silly get     connection: 'keep-alive',
72 silly get     'x-served-by': 'cache-dfw1846-DFW',
72 silly get     'x-cache': 'HIT',
72 silly get     'x-cache-hits': '1',
72 silly get     'x-timer': 'S1475286694.152358,VS0,VE75',
72 silly get     vary: 'Accept-Encoding' } ]
73 verbose etag https://registry.npmjs.org/nan from cache
74 verbose get saving nan to C:\Users\RED25\AppData\Roaming\npm-cache\registry.npmjs.org\nan\.cache.json
75 verbose correctMkdir C:\Users\RED25\AppData\Roaming\npm-cache correctMkdir not in flight; initializing
76 silly resolveWithNewModule nan@2.4.0 checking installable status
77 silly cache add args [ 'nan@^2.3.2', null ]
78 verbose cache add spec nan@^2.3.2
79 silly cache add parsed spec Result {
79 silly cache add   raw: 'nan@^2.3.2',
79 silly cache add   scope: null,
79 silly cache add   escapedName: 'nan',
79 silly cache add   name: 'nan',
79 silly cache add   rawSpec: '^2.3.2',
79 silly cache add   spec: '>=2.3.2 <3.0.0',
79 silly cache add   type: 'range' }
80 silly addNamed nan@>=2.3.2 <3.0.0
81 verbose addNamed ">=2.3.2 <3.0.0" is a valid semver range for nan
82 silly addNameRange { name: 'nan', range: '>=2.3.2 <3.0.0', hasData: false }
83 silly mapToRegistry name nan
84 silly mapToRegistry using default registry
85 silly mapToRegistry registry https://registry.npmjs.org/
86 silly mapToRegistry data Result {
86 silly mapToRegistry   raw: 'nan',
86 silly mapToRegistry   scope: null,
86 silly mapToRegistry   escapedName: 'nan',
86 silly mapToRegistry   name: 'nan',
86 silly mapToRegistry   rawSpec: '',
86 silly mapToRegistry   spec: 'latest',
86 silly mapToRegistry   type: 'tag' }
87 silly mapToRegistry uri https://registry.npmjs.org/nan
88 verbose addNameRange registry:https://registry.npmjs.org/nan not in flight; fetching
89 verbose get https://registry.npmjs.org/nan not expired, no request
90 silly addNameRange number 2 { name: 'nan', range: '>=2.3.2 <3.0.0', hasData: true }
91 silly addNameRange versions [ 'nan',
91 silly addNameRange   [ '0.3.0-wip',
91 silly addNameRange     '0.3.0-wip2',
91 silly addNameRange     '0.3.0',
91 silly addNameRange     '0.3.1',
91 silly addNameRange     '0.3.2',
91 silly addNameRange     '0.4.0',
91 silly addNameRange     '0.4.1',
91 silly addNameRange     '0.4.2',
91 silly addNameRange     '0.4.3',
91 silly addNameRange     '0.4.4',
91 silly addNameRange     '0.5.0',
91 silly addNameRange     '0.5.1',
91 silly addNameRange     '0.5.2',
91 silly addNameRange     '0.6.0',
91 silly addNameRange     '0.7.0',
91 silly addNameRange     '0.7.1',
91 silly addNameRange     '0.8.0',
91 silly addNameRange     '1.0.0',
91 silly addNameRange     '1.1.0',
91 silly addNameRange     '1.1.1',
91 silly addNameRange     '1.1.2',
91 silly addNameRange     '1.2.0',
91 silly addNameRange     '1.3.0',
91 silly addNameRange     '1.4.0',
91 silly addNameRange     '1.4.1',
91 silly addNameRange     '1.5.0',
91 silly addNameRange     '1.4.2',
91 silly addNameRange     '1.4.3',
91 silly addNameRange     '1.5.1',
91 silly addNameRange     '1.5.2',
91 silly addNameRange     '1.6.0',
91 silly addNameRange     '1.5.3',
91 silly addNameRange     '1.6.1',
91 silly addNameRange     '1.6.2',
91 silly addNameRange     '1.7.0',
91 silly addNameRange     '1.8.0',
91 silly addNameRange     '1.8.1',
91 silly addNameRange     '1.8.2',
91 silly addNameRange     '1.8.3',
91 silly addNameRange     '1.8.4',
91 silly addNameRange     '1.9.0',
91 silly addNameRange     '2.0.0',
91 silly addNameRange     '2.0.1',
91 silly addNameRange     '2.0.2',
91 silly addNameRange     '2.0.3',
91 silly addNameRange     '2.0.4',
91 silly addNameRange     '2.0.5',
91 silly addNameRange     '2.0.6',
91 silly addNameRange     '2.0.7',
91 silly addNameRange     '2.0.8',
91 silly addNameRange     '2.0.9',
91 silly addNameRange     '2.1.0',
91 silly addNameRange     '2.2.0',
91 silly addNameRange     '2.2.1',
91 silly addNameRange     '2.3.0',
91 silly addNameRange     '2.3.1',
91 silly addNameRange     '2.3.2',
91 silly addNameRange     '2.3.3',
91 silly addNameRange     '2.3.4',
91 silly addNameRange     '2.3.5',
91 silly addNameRange     '2.4.0' ] ]
92 silly addNamed nan@2.4.0
93 verbose addNamed "2.4.0" is a plain semver version for nan
94 silly cache afterAdd nan@2.4.0
95 verbose afterAdd C:\Users\RED25\AppData\Roaming\npm-cache\nan\2.4.0\package\package.json not in flight; writing
96 verbose correctMkdir C:\Users\RED25\AppData\Roaming\npm-cache correctMkdir not in flight; initializing
97 verbose afterAdd C:\Users\RED25\AppData\Roaming\npm-cache\nan\2.4.0\package\package.json written
98 silly loadAllDepsIntoIdealTree Finishing
99 silly loadIdealTree Finishing
100 silly currentTree centralizacion@0.1.0
100 silly currentTree +-- angular-busy@4.1.3
100 silly currentTree +-- ansi-regex@2.0.0
100 silly currentTree +-- ansi-styles@2.2.1
100 silly currentTree +-- asn1@0.2.3
100 silly currentTree +-- assert-plus@0.2.0
100 silly currentTree +-- async@2.0.1
100 silly currentTree +-- aws-sign2@0.6.0
100 silly currentTree +-- aws4@1.4.1
100 silly currentTree +-- balanced-match@0.4.2
100 silly currentTree +-- bcrypt-pbkdf@1.0.0
100 silly currentTree | `-- tweetnacl@0.14.3
100 silly currentTree +-- bl@1.1.2
100 silly currentTree +-- body-parser@1.15.0
100 silly currentTree | +-- bytes@2.2.0
100 silly currentTree | +-- content-type@1.0.1
100 silly currentTree | +-- debug@2.2.0
100 silly currentTree | | `-- ms@0.7.1
100 silly currentTree | +-- depd@1.1.0
100 silly currentTree | +-- http-errors@1.4.0
100 silly currentTree | | +-- inherits@2.0.1
100 silly currentTree | | `-- statuses@1.2.1
100 silly currentTree | +-- iconv-lite@0.4.13
100 silly currentTree | +-- on-finished@2.3.0
100 silly currentTree | | `-- ee-first@1.1.1
100 silly currentTree | +-- qs@6.1.0
100 silly currentTree | +-- raw-body@2.1.6
100 silly currentTree | | +-- bytes@2.3.0
100 silly currentTree | | `-- unpipe@1.0.0
100 silly currentTree | `-- type-is@1.6.12
100 silly currentTree |   +-- media-typer@0.3.0
100 silly currentTree |   `-- mime-types@2.1.10
100 silly currentTree |     `-- mime-db@1.22.0
100 silly currentTree +-- boom@2.10.1
100 silly currentTree +-- brace-expansion@1.1.6
100 silly currentTree +-- caseless@0.11.0
100 silly currentTree +-- chalk@1.1.3
100 silly currentTree +-- colors@1.0.3
100 silly currentTree +-- combined-stream@1.0.5
100 silly currentTree +-- commander@2.9.0
100 silly currentTree +-- concat-map@0.0.1
100 silly currentTree +-- concat-stream@1.5.0
100 silly currentTree +-- core-util-is@1.0.2
100 silly currentTree +-- cryptiles@2.0.5
100 silly currentTree +-- cycle@1.0.3
100 silly currentTree +-- dashdash@1.14.0
100 silly currentTree | `-- assert-plus@1.0.0
100 silly currentTree +-- debug@0.7.4
100 silly currentTree +-- delayed-stream@1.0.0
100 silly currentTree +-- ecc-jsbn@0.1.1
100 silly currentTree +-- es6-promise@3.2.1
100 silly currentTree +-- escape-string-regexp@1.0.5
100 silly currentTree +-- express@4.9.8
100 silly currentTree | +-- accepts@1.1.4
100 silly currentTree | | +-- mime-types@2.0.14
100 silly currentTree | | | `-- mime-db@1.12.0
100 silly currentTree | | `-- negotiator@0.4.9
100 silly currentTree | +-- cookie-signature@1.0.5
100 silly currentTree | +-- cookie@0.1.2
100 silly currentTree | +-- debug@2.0.0
100 silly currentTree | | `-- ms@0.6.2
100 silly currentTree | +-- depd@0.4.5
100 silly currentTree | +-- escape-html@1.0.1
100 silly currentTree | +-- etag@1.4.0
100 silly currentTree | | `-- crc@3.0.0
100 silly currentTree | +-- finalhandler@0.2.0
100 silly currentTree | +-- fresh@0.2.4
100 silly currentTree | +-- media-typer@0.3.0
100 silly currentTree | +-- merge-descriptors@0.0.2
100 silly currentTree | +-- methods@1.1.0
100 silly currentTree | +-- on-finished@2.1.1
100 silly currentTree | | `-- ee-first@1.1.0
100 silly currentTree | +-- parseurl@1.3.1
100 silly currentTree | +-- path-to-regexp@0.1.3
100 silly currentTree | +-- proxy-addr@1.0.10
100 silly currentTree | | +-- forwarded@0.1.0
100 silly currentTree | | `-- ipaddr.js@1.0.5
100 silly currentTree | +-- qs@2.2.4
100 silly currentTree | +-- range-parser@1.0.3
100 silly currentTree | +-- send@0.9.3
100 silly currentTree | | +-- destroy@1.0.3
100 silly currentTree | | +-- mime@1.2.11
100 silly currentTree | | +-- ms@0.6.2
100 silly currentTree | | `-- on-finished@2.1.0
100 silly currentTree | |   `-- ee-first@1.0.5
100 silly currentTree | +-- serve-static@1.6.5
100 silly currentTree | +-- type-is@1.5.7
100 silly currentTree | | `-- mime-types@2.0.14
100 silly currentTree | |   `-- mime-db@1.12.0
100 silly currentTree | +-- utils-merge@1.0.0
100 silly currentTree | `-- vary@1.0.1
100 silly currentTree +-- extend@3.0.0
100 silly currentTree +-- extract-zip@1.5.0
100 silly currentTree | `-- mkdirp@0.5.0
100 silly currentTree +-- extsprintf@1.0.2
100 silly currentTree +-- eyes@0.1.8
100 silly currentTree +-- fd-slicer@1.0.1
100 silly currentTree +-- forever-agent@0.6.1
100 silly currentTree +-- form-data@1.0.1
100 silly currentTree +-- fs-extra@0.30.0
100 silly currentTree +-- fs.realpath@1.0.0
100 silly currentTree +-- generate-function@2.0.0
100 silly currentTree +-- generate-object-property@1.2.0
100 silly currentTree +-- getpass@0.1.6
100 silly currentTree | `-- assert-plus@1.0.0
100 silly currentTree +-- glob@7.0.6
100 silly currentTree +-- graceful-fs@4.1.6
100 silly currentTree +-- graceful-readlink@1.0.1
100 silly currentTree +-- har-validator@2.0.6
100 silly currentTree +-- has-ansi@2.0.0
100 silly currentTree +-- hasha@2.2.0
100 silly currentTree +-- hawk@3.1.3
100 silly currentTree +-- hoek@2.16.3
100 silly currentTree +-- http-signature@1.1.1
100 silly currentTree +-- inflight@1.0.5
100 silly currentTree +-- inherits@2.0.3
100 silly currentTree +-- is-my-json-valid@2.13.1
100 silly currentTree +-- is-property@1.0.2
100 silly currentTree +-- is-stream@1.1.0
100 silly currentTree +-- is-typedarray@1.0.0
100 silly currentTree +-- isarray@1.0.0
100 silly currentTree +-- isexe@1.1.2
100 silly currentTree +-- isstream@0.1.2
100 silly currentTree +-- jodid25519@1.0.2
100 silly currentTree +-- jsbarcode@3.5.1
100 silly currentTree +-- jsbn@0.1.0
100 silly currentTree +-- json-schema@0.2.3
100 silly currentTree +-- json-stringify-safe@5.0.1
100 silly currentTree +-- jsonfile@2.3.1
100 silly currentTree +-- jsonpointer@2.0.0
100 silly currentTree +-- jsprim@1.3.1
100 silly currentTree +-- kew@0.7.0
100 silly currentTree +-- klaw@1.3.0
100 silly currentTree +-- linerstream@0.1.4
100 silly currentTree +-- lodash@4.15.0
100 silly currentTree +-- mime-db@1.23.0
100 silly currentTree +-- mime-types@2.1.11
100 silly currentTree +-- minimatch@3.0.3
100 silly currentTree +-- minimist@0.0.8
100 silly currentTree +-- mkdirp@0.5.1
100 silly currentTree +-- moment@2.12.0
100 silly currentTree +-- mssql@3.1.2
100 silly currentTree | +-- generic-pool@2.4.2
100 silly currentTree | +-- promise@7.1.1
100 silly currentTree | | `-- asap@2.0.3
100 silly currentTree | `-- tedious@1.13.2
100 silly currentTree |   +-- babel-runtime@5.8.38
100 silly currentTree |   | `-- core-js@1.2.6
100 silly currentTree |   +-- big-number@0.3.1
100 silly currentTree |   +-- bl@1.1.2
100 silly currentTree |   +-- iconv-lite@0.4.13
100 silly currentTree |   +-- readable-stream@2.0.6
100 silly currentTree |   | +-- core-util-is@1.0.2
100 silly currentTree |   | +-- inherits@2.0.1
100 silly currentTree |   | +-- isarray@1.0.0
100 silly currentTree |   | +-- process-nextick-args@1.0.6
100 silly currentTree |   | +-- string_decoder@0.10.31
100 silly currentTree |   | `-- util-deprecate@1.0.2
100 silly currentTree |   `-- sprintf@0.1.5
100 silly currentTree +-- multer@1.1.0
100 silly currentTree | +-- append-field@0.1.0
100 silly currentTree | +-- busboy@0.2.13
100 silly currentTree | | +-- dicer@0.2.5
100 silly currentTree | | | `-- streamsearch@0.1.2
100 silly currentTree | | `-- readable-stream@1.1.13
100 silly currentTree | |   +-- core-util-is@1.0.2
100 silly currentTree | |   +-- inherits@2.0.1
100 silly currentTree | |   +-- isarray@0.0.1
100 silly currentTree | |   `-- string_decoder@0.10.31
100 silly currentTree | +-- concat-stream@1.5.1
100 silly currentTree | | +-- inherits@2.0.1
100 silly currentTree | | +-- readable-stream@2.0.6
100 silly currentTree | | | +-- core-util-is@1.0.2
100 silly currentTree | | | +-- isarray@1.0.0
100 silly currentTree | | | +-- process-nextick-args@1.0.6
100 silly currentTree | | | +-- string_decoder@0.10.31
100 silly currentTree | | | `-- util-deprecate@1.0.2
100 silly currentTree | | `-- typedarray@0.0.6
100 silly currentTree | +-- mkdirp@0.5.1
100 silly currentTree | | `-- minimist@0.0.8
100 silly currentTree | +-- object-assign@3.0.0
100 silly currentTree | +-- on-finished@2.3.0
100 silly currentTree | | `-- ee-first@1.1.1
100 silly currentTree | +-- type-is@1.6.12
100 silly currentTree | | +-- media-typer@0.3.0
100 silly currentTree | | `-- mime-types@2.1.10
100 silly currentTree | |   `-- mime-db@1.22.0
100 silly currentTree | `-- xtend@4.0.1
100 silly currentTree +-- node-uuid@1.4.7
100 silly currentTree +-- oauth-sign@0.8.2
100 silly currentTree +-- once@1.4.0
100 silly currentTree +-- path-is-absolute@1.0.0
100 silly currentTree +-- pend@1.2.0
100 silly currentTree +-- phantom@2.1.21
100 silly currentTree +-- phantomjs-prebuilt@2.1.12
100 silly currentTree +-- pinkie-promise@2.0.1
100 silly currentTree +-- pinkie@2.0.4
100 silly currentTree +-- pkginfo@0.3.1
100 silly currentTree +-- process-nextick-args@1.0.7
100 silly currentTree +-- progress@1.1.8
100 silly currentTree +-- qs@6.2.1
100 silly currentTree +-- readable-stream@2.0.6
100 silly currentTree +-- request-progress@2.0.1
100 silly currentTree +-- request@2.74.0
100 silly currentTree +-- rimraf@2.5.4
100 silly currentTree +-- serve-favicon@2.3.0
100 silly currentTree | +-- etag@1.7.0
100 silly currentTree | +-- fresh@0.3.0
100 silly currentTree | +-- ms@0.7.1
100 silly currentTree | `-- parseurl@1.3.1
100 silly currentTree +-- sntp@1.0.9
100 silly currentTree +-- socket.io@1.4.5
100 silly currentTree | +-- debug@2.2.0
100 silly currentTree | | `-- ms@0.7.1
100 silly currentTree | +-- engine.io@1.6.8
100 silly currentTree | | +-- accepts@1.1.4
100 silly currentTree | | | +-- mime-types@2.0.14
100 silly currentTree | | | | `-- mime-db@1.12.0
100 silly currentTree | | | `-- negotiator@0.4.9
100 silly currentTree | | +-- base64id@0.1.0
100 silly currentTree | | +-- engine.io-parser@1.2.4
100 silly currentTree | | | +-- after@0.8.1
100 silly currentTree | | | +-- arraybuffer.slice@0.0.6
100 silly currentTree | | | +-- base64-arraybuffer@0.1.2
100 silly currentTree | | | +-- blob@0.0.4
100 silly currentTree | | | +-- has-binary@0.1.6
100 silly currentTree | | | | `-- isarray@0.0.1
100 silly currentTree | | | `-- utf8@2.1.0
100 silly currentTree | | `-- ws@1.0.1
100 silly currentTree | |   +-- options@0.0.6
100 silly currentTree | |   `-- ultron@1.0.2
100 silly currentTree | +-- has-binary@0.1.7
100 silly currentTree | | `-- isarray@0.0.1
100 silly currentTree | +-- socket.io-adapter@0.4.0
100 silly currentTree | | `-- socket.io-parser@2.2.2
100 silly currentTree | |   +-- benchmark@1.0.0
100 silly currentTree | |   +-- component-emitter@1.1.2
100 silly currentTree | |   +-- debug@0.7.4
100 silly currentTree | |   +-- isarray@0.0.1
100 silly currentTree | |   `-- json3@3.2.6
100 silly currentTree | +-- socket.io-client@1.4.5
100 silly currentTree | | +-- backo2@1.0.2
100 silly currentTree | | +-- component-bind@1.0.0
100 silly currentTree | | +-- component-emitter@1.2.0
100 silly currentTree | | +-- engine.io-client@1.6.8
100 silly currentTree | | | +-- component-emitter@1.1.2
100 silly currentTree | | | +-- component-inherit@0.0.3
100 silly currentTree | | | +-- engine.io-parser@1.2.4
100 silly currentTree | | | | +-- after@0.8.1
100 silly currentTree | | | | +-- arraybuffer.slice@0.0.6
100 silly currentTree | | | | +-- base64-arraybuffer@0.1.2
100 silly currentTree | | | | +-- blob@0.0.4
100 silly currentTree | | | | +-- has-binary@0.1.6
100 silly currentTree | | | | | `-- isarray@0.0.1
100 silly currentTree | | | | `-- utf8@2.1.0
100 silly currentTree | | | +-- has-cors@1.1.0
100 silly currentTree | | | +-- parsejson@0.0.1
100 silly currentTree | | | | `-- better-assert@1.0.2
100 silly currentTree | | | |   `-- callsite@1.0.0
100 silly currentTree | | | +-- parseqs@0.0.2
100 silly currentTree | | | | `-- better-assert@1.0.2
100 silly currentTree | | | |   `-- callsite@1.0.0
100 silly currentTree | | | +-- ws@1.0.1
100 silly currentTree | | | | +-- options@0.0.6
100 silly currentTree | | | | `-- ultron@1.0.2
100 silly currentTree | | | +-- xmlhttprequest-ssl@1.5.1
100 silly currentTree | | | `-- yeast@0.1.2
100 silly currentTree | | +-- indexof@0.0.1
100 silly currentTree | | +-- object-component@0.0.3
100 silly currentTree | | +-- parseuri@0.0.4
100 silly currentTree | | | `-- better-assert@1.0.2
100 silly currentTree | | |   `-- callsite@1.0.0
100 silly currentTree | | `-- to-array@0.1.4
100 silly currentTree | `-- socket.io-parser@2.2.6
100 silly currentTree |   +-- benchmark@1.0.0
100 silly currentTree |   +-- component-emitter@1.1.2
100 silly currentTree |   +-- isarray@0.0.1
100 silly currentTree |   `-- json3@3.3.2
100 silly currentTree +-- sshpk@1.10.0
100 silly currentTree | `-- assert-plus@1.0.0
100 silly currentTree +-- stack-trace@0.0.9
100 silly currentTree +-- string_decoder@0.10.31
100 silly currentTree +-- stringstream@0.0.5
100 silly currentTree +-- strip-ansi@3.0.1
100 silly currentTree +-- supports-color@2.0.0
100 silly currentTree +-- swig@1.4.2
100 silly currentTree | +-- optimist@0.6.1
100 silly currentTree | | +-- minimist@0.0.10
100 silly currentTree | | `-- wordwrap@0.0.3
100 silly currentTree | `-- uglify-js@2.4.24
100 silly currentTree |   +-- async@0.2.10
100 silly currentTree |   +-- source-map@0.1.34
100 silly currentTree |   | `-- amdefine@1.0.0
100 silly currentTree |   +-- uglify-to-browserify@1.0.2
100 silly currentTree |   `-- yargs@3.5.4
100 silly currentTree |     +-- camelcase@1.2.1
100 silly currentTree |     +-- decamelize@1.2.0
100 silly currentTree |     +-- window-size@0.1.0
100 silly currentTree |     `-- wordwrap@0.0.2
100 silly currentTree +-- throttleit@1.0.0
100 silly currentTree +-- tough-cookie@2.3.1
100 silly currentTree +-- tunnel-agent@0.4.3
100 silly currentTree +-- tweetnacl@0.13.3
100 silly currentTree +-- typedarray@0.0.6
100 silly currentTree +-- util-deprecate@1.0.2
100 silly currentTree +-- verror@1.3.6
100 silly currentTree +-- webpage@0.3.0
100 silly currentTree +-- which@1.2.11
100 silly currentTree +-- winston@2.2.0
100 silly currentTree | `-- async@1.0.0
100 silly currentTree +-- wrappy@1.0.2
100 silly currentTree +-- xtend@4.0.1
100 silly currentTree `-- yauzl@2.4.1
101 silly idealTree centralizacion@0.1.0
101 silly idealTree +-- angular-busy@4.1.3
101 silly idealTree +-- ansi-regex@2.0.0
101 silly idealTree +-- ansi-styles@2.2.1
101 silly idealTree +-- asn1@0.2.3
101 silly idealTree +-- assert-plus@0.2.0
101 silly idealTree +-- async@2.0.1
101 silly idealTree +-- aws-sign2@0.6.0
101 silly idealTree +-- aws4@1.4.1
101 silly idealTree +-- balanced-match@0.4.2
101 silly idealTree +-- bcrypt-pbkdf@1.0.0
101 silly idealTree | `-- tweetnacl@0.14.3
101 silly idealTree +-- bl@1.1.2
101 silly idealTree +-- body-parser@1.15.0
101 silly idealTree | +-- bytes@2.2.0
101 silly idealTree | +-- content-type@1.0.1
101 silly idealTree | +-- debug@2.2.0
101 silly idealTree | | `-- ms@0.7.1
101 silly idealTree | +-- depd@1.1.0
101 silly idealTree | +-- http-errors@1.4.0
101 silly idealTree | | +-- inherits@2.0.1
101 silly idealTree | | `-- statuses@1.2.1
101 silly idealTree | +-- iconv-lite@0.4.13
101 silly idealTree | +-- on-finished@2.3.0
101 silly idealTree | | `-- ee-first@1.1.1
101 silly idealTree | +-- qs@6.1.0
101 silly idealTree | +-- raw-body@2.1.6
101 silly idealTree | | +-- bytes@2.3.0
101 silly idealTree | | `-- unpipe@1.0.0
101 silly idealTree | `-- type-is@1.6.12
101 silly idealTree |   +-- media-typer@0.3.0
101 silly idealTree |   `-- mime-types@2.1.10
101 silly idealTree |     `-- mime-db@1.22.0
101 silly idealTree +-- boom@2.10.1
101 silly idealTree +-- brace-expansion@1.1.6
101 silly idealTree +-- canvas@1.5.0
101 silly idealTree +-- caseless@0.11.0
101 silly idealTree +-- chalk@1.1.3
101 silly idealTree +-- colors@1.0.3
101 silly idealTree +-- combined-stream@1.0.5
101 silly idealTree +-- commander@2.9.0
101 silly idealTree +-- concat-map@0.0.1
101 silly idealTree +-- concat-stream@1.5.0
101 silly idealTree +-- core-util-is@1.0.2
101 silly idealTree +-- cryptiles@2.0.5
101 silly idealTree +-- cycle@1.0.3
101 silly idealTree +-- dashdash@1.14.0
101 silly idealTree | `-- assert-plus@1.0.0
101 silly idealTree +-- debug@0.7.4
101 silly idealTree +-- delayed-stream@1.0.0
101 silly idealTree +-- ecc-jsbn@0.1.1
101 silly idealTree +-- es6-promise@3.2.1
101 silly idealTree +-- escape-string-regexp@1.0.5
101 silly idealTree +-- express@4.9.8
101 silly idealTree | +-- accepts@1.1.4
101 silly idealTree | | +-- mime-types@2.0.14
101 silly idealTree | | | `-- mime-db@1.12.0
101 silly idealTree | | `-- negotiator@0.4.9
101 silly idealTree | +-- cookie-signature@1.0.5
101 silly idealTree | +-- cookie@0.1.2
101 silly idealTree | +-- debug@2.0.0
101 silly idealTree | | `-- ms@0.6.2
101 silly idealTree | +-- depd@0.4.5
101 silly idealTree | +-- escape-html@1.0.1
101 silly idealTree | +-- etag@1.4.0
101 silly idealTree | | `-- crc@3.0.0
101 silly idealTree | +-- finalhandler@0.2.0
101 silly idealTree | +-- fresh@0.2.4
101 silly idealTree | +-- media-typer@0.3.0
101 silly idealTree | +-- merge-descriptors@0.0.2
101 silly idealTree | +-- methods@1.1.0
101 silly idealTree | +-- on-finished@2.1.1
101 silly idealTree | | `-- ee-first@1.1.0
101 silly idealTree | +-- parseurl@1.3.1
101 silly idealTree | +-- path-to-regexp@0.1.3
101 silly idealTree | +-- proxy-addr@1.0.10
101 silly idealTree | | +-- forwarded@0.1.0
101 silly idealTree | | `-- ipaddr.js@1.0.5
101 silly idealTree | +-- qs@2.2.4
101 silly idealTree | +-- range-parser@1.0.3
101 silly idealTree | +-- send@0.9.3
101 silly idealTree | | +-- destroy@1.0.3
101 silly idealTree | | +-- mime@1.2.11
101 silly idealTree | | +-- ms@0.6.2
101 silly idealTree | | `-- on-finished@2.1.0
101 silly idealTree | |   `-- ee-first@1.0.5
101 silly idealTree | +-- serve-static@1.6.5
101 silly idealTree | +-- type-is@1.5.7
101 silly idealTree | | `-- mime-types@2.0.14
101 silly idealTree | |   `-- mime-db@1.12.0
101 silly idealTree | +-- utils-merge@1.0.0
101 silly idealTree | `-- vary@1.0.1
101 silly idealTree +-- extend@3.0.0
101 silly idealTree +-- extract-zip@1.5.0
101 silly idealTree | `-- mkdirp@0.5.0
101 silly idealTree +-- extsprintf@1.0.2
101 silly idealTree +-- eyes@0.1.8
101 silly idealTree +-- fd-slicer@1.0.1
101 silly idealTree +-- forever-agent@0.6.1
101 silly idealTree +-- form-data@1.0.1
101 silly idealTree +-- fs-extra@0.30.0
101 silly idealTree +-- fs.realpath@1.0.0
101 silly idealTree +-- generate-function@2.0.0
101 silly idealTree +-- generate-object-property@1.2.0
101 silly idealTree +-- getpass@0.1.6
101 silly idealTree | `-- assert-plus@1.0.0
101 silly idealTree +-- glob@7.0.6
101 silly idealTree +-- graceful-fs@4.1.6
101 silly idealTree +-- graceful-readlink@1.0.1
101 silly idealTree +-- har-validator@2.0.6
101 silly idealTree +-- has-ansi@2.0.0
101 silly idealTree +-- hasha@2.2.0
101 silly idealTree +-- hawk@3.1.3
101 silly idealTree +-- hoek@2.16.3
101 silly idealTree +-- http-signature@1.1.1
101 silly idealTree +-- inflight@1.0.5
101 silly idealTree +-- inherits@2.0.3
101 silly idealTree +-- is-my-json-valid@2.13.1
101 silly idealTree +-- is-property@1.0.2
101 silly idealTree +-- is-stream@1.1.0
101 silly idealTree +-- is-typedarray@1.0.0
101 silly idealTree +-- isarray@1.0.0
101 silly idealTree +-- isexe@1.1.2
101 silly idealTree +-- isstream@0.1.2
101 silly idealTree +-- jodid25519@1.0.2
101 silly idealTree +-- jsbarcode@3.5.1
101 silly idealTree +-- jsbn@0.1.0
101 silly idealTree +-- json-schema@0.2.3
101 silly idealTree +-- json-stringify-safe@5.0.1
101 silly idealTree +-- jsonfile@2.3.1
101 silly idealTree +-- jsonpointer@2.0.0
101 silly idealTree +-- jsprim@1.3.1
101 silly idealTree +-- kew@0.7.0
101 silly idealTree +-- klaw@1.3.0
101 silly idealTree +-- linerstream@0.1.4
101 silly idealTree +-- lodash@4.15.0
101 silly idealTree +-- mime-db@1.23.0
101 silly idealTree +-- mime-types@2.1.11
101 silly idealTree +-- minimatch@3.0.3
101 silly idealTree +-- minimist@0.0.8
101 silly idealTree +-- mkdirp@0.5.1
101 silly idealTree +-- moment@2.12.0
101 silly idealTree +-- mssql@3.1.2
101 silly idealTree | +-- generic-pool@2.4.2
101 silly idealTree | +-- promise@7.1.1
101 silly idealTree | | `-- asap@2.0.3
101 silly idealTree | `-- tedious@1.13.2
101 silly idealTree |   +-- babel-runtime@5.8.38
101 silly idealTree |   | `-- core-js@1.2.6
101 silly idealTree |   +-- big-number@0.3.1
101 silly idealTree |   +-- bl@1.1.2
101 silly idealTree |   +-- iconv-lite@0.4.13
101 silly idealTree |   +-- readable-stream@2.0.6
101 silly idealTree |   | +-- core-util-is@1.0.2
101 silly idealTree |   | +-- inherits@2.0.1
101 silly idealTree |   | +-- isarray@1.0.0
101 silly idealTree |   | +-- process-nextick-args@1.0.6
101 silly idealTree |   | +-- string_decoder@0.10.31
101 silly idealTree |   | `-- util-deprecate@1.0.2
101 silly idealTree |   `-- sprintf@0.1.5
101 silly idealTree +-- multer@1.1.0
101 silly idealTree | +-- append-field@0.1.0
101 silly idealTree | +-- busboy@0.2.13
101 silly idealTree | | +-- dicer@0.2.5
101 silly idealTree | | | `-- streamsearch@0.1.2
101 silly idealTree | | `-- readable-stream@1.1.13
101 silly idealTree | |   +-- core-util-is@1.0.2
101 silly idealTree | |   +-- inherits@2.0.1
101 silly idealTree | |   +-- isarray@0.0.1
101 silly idealTree | |   `-- string_decoder@0.10.31
101 silly idealTree | +-- concat-stream@1.5.1
101 silly idealTree | | +-- inherits@2.0.1
101 silly idealTree | | +-- readable-stream@2.0.6
101 silly idealTree | | | +-- core-util-is@1.0.2
101 silly idealTree | | | +-- isarray@1.0.0
101 silly idealTree | | | +-- process-nextick-args@1.0.6
101 silly idealTree | | | +-- string_decoder@0.10.31
101 silly idealTree | | | `-- util-deprecate@1.0.2
101 silly idealTree | | `-- typedarray@0.0.6
101 silly idealTree | +-- mkdirp@0.5.1
101 silly idealTree | | `-- minimist@0.0.8
101 silly idealTree | +-- object-assign@3.0.0
101 silly idealTree | +-- on-finished@2.3.0
101 silly idealTree | | `-- ee-first@1.1.1
101 silly idealTree | +-- type-is@1.6.12
101 silly idealTree | | +-- media-typer@0.3.0
101 silly idealTree | | `-- mime-types@2.1.10
101 silly idealTree | |   `-- mime-db@1.22.0
101 silly idealTree | `-- xtend@4.0.1
101 silly idealTree +-- nan@2.4.0
101 silly idealTree +-- node-uuid@1.4.7
101 silly idealTree +-- oauth-sign@0.8.2
101 silly idealTree +-- once@1.4.0
101 silly idealTree +-- path-is-absolute@1.0.0
101 silly idealTree +-- pend@1.2.0
101 silly idealTree +-- phantom@2.1.21
101 silly idealTree +-- phantomjs-prebuilt@2.1.12
101 silly idealTree +-- pinkie-promise@2.0.1
101 silly idealTree +-- pinkie@2.0.4
101 silly idealTree +-- pkginfo@0.3.1
101 silly idealTree +-- process-nextick-args@1.0.7
101 silly idealTree +-- progress@1.1.8
101 silly idealTree +-- qs@6.2.1
101 silly idealTree +-- readable-stream@2.0.6
101 silly idealTree +-- request-progress@2.0.1
101 silly idealTree +-- request@2.74.0
101 silly idealTree +-- rimraf@2.5.4
101 silly idealTree +-- serve-favicon@2.3.0
101 silly idealTree | +-- etag@1.7.0
101 silly idealTree | +-- fresh@0.3.0
101 silly idealTree | +-- ms@0.7.1
101 silly idealTree | `-- parseurl@1.3.1
101 silly idealTree +-- sntp@1.0.9
101 silly idealTree +-- socket.io@1.4.5
101 silly idealTree | +-- debug@2.2.0
101 silly idealTree | | `-- ms@0.7.1
101 silly idealTree | +-- engine.io@1.6.8
101 silly idealTree | | +-- accepts@1.1.4
101 silly idealTree | | | +-- mime-types@2.0.14
101 silly idealTree | | | | `-- mime-db@1.12.0
101 silly idealTree | | | `-- negotiator@0.4.9
101 silly idealTree | | +-- base64id@0.1.0
101 silly idealTree | | +-- engine.io-parser@1.2.4
101 silly idealTree | | | +-- after@0.8.1
101 silly idealTree | | | +-- arraybuffer.slice@0.0.6
101 silly idealTree | | | +-- base64-arraybuffer@0.1.2
101 silly idealTree | | | +-- blob@0.0.4
101 silly idealTree | | | +-- has-binary@0.1.6
101 silly idealTree | | | | `-- isarray@0.0.1
101 silly idealTree | | | `-- utf8@2.1.0
101 silly idealTree | | `-- ws@1.0.1
101 silly idealTree | |   +-- options@0.0.6
101 silly idealTree | |   `-- ultron@1.0.2
101 silly idealTree | +-- has-binary@0.1.7
101 silly idealTree | | `-- isarray@0.0.1
101 silly idealTree | +-- socket.io-adapter@0.4.0
101 silly idealTree | | `-- socket.io-parser@2.2.2
101 silly idealTree | |   +-- benchmark@1.0.0
101 silly idealTree | |   +-- component-emitter@1.1.2
101 silly idealTree | |   +-- debug@0.7.4
101 silly idealTree | |   +-- isarray@0.0.1
101 silly idealTree | |   `-- json3@3.2.6
101 silly idealTree | +-- socket.io-client@1.4.5
101 silly idealTree | | +-- backo2@1.0.2
101 silly idealTree | | +-- component-bind@1.0.0
101 silly idealTree | | +-- component-emitter@1.2.0
101 silly idealTree | | +-- engine.io-client@1.6.8
101 silly idealTree | | | +-- component-emitter@1.1.2
101 silly idealTree | | | +-- component-inherit@0.0.3
101 silly idealTree | | | +-- engine.io-parser@1.2.4
101 silly idealTree | | | | +-- after@0.8.1
101 silly idealTree | | | | +-- arraybuffer.slice@0.0.6
101 silly idealTree | | | | +-- base64-arraybuffer@0.1.2
101 silly idealTree | | | | +-- blob@0.0.4
101 silly idealTree | | | | +-- has-binary@0.1.6
101 silly idealTree | | | | | `-- isarray@0.0.1
101 silly idealTree | | | | `-- utf8@2.1.0
101 silly idealTree | | | +-- has-cors@1.1.0
101 silly idealTree | | | +-- parsejson@0.0.1
101 silly idealTree | | | | `-- better-assert@1.0.2
101 silly idealTree | | | |   `-- callsite@1.0.0
101 silly idealTree | | | +-- parseqs@0.0.2
101 silly idealTree | | | | `-- better-assert@1.0.2
101 silly idealTree | | | |   `-- callsite@1.0.0
101 silly idealTree | | | +-- ws@1.0.1
101 silly idealTree | | | | +-- options@0.0.6
101 silly idealTree | | | | `-- ultron@1.0.2
101 silly idealTree | | | +-- xmlhttprequest-ssl@1.5.1
101 silly idealTree | | | `-- yeast@0.1.2
101 silly idealTree | | +-- indexof@0.0.1
101 silly idealTree | | +-- object-component@0.0.3
101 silly idealTree | | +-- parseuri@0.0.4
101 silly idealTree | | | `-- better-assert@1.0.2
101 silly idealTree | | |   `-- callsite@1.0.0
101 silly idealTree | | `-- to-array@0.1.4
101 silly idealTree | `-- socket.io-parser@2.2.6
101 silly idealTree |   +-- benchmark@1.0.0
101 silly idealTree |   +-- component-emitter@1.1.2
101 silly idealTree |   +-- isarray@0.0.1
101 silly idealTree |   `-- json3@3.3.2
101 silly idealTree +-- sshpk@1.10.0
101 silly idealTree | `-- assert-plus@1.0.0
101 silly idealTree +-- stack-trace@0.0.9
101 silly idealTree +-- string_decoder@0.10.31
101 silly idealTree +-- stringstream@0.0.5
101 silly idealTree +-- strip-ansi@3.0.1
101 silly idealTree +-- supports-color@2.0.0
101 silly idealTree +-- swig@1.4.2
101 silly idealTree | +-- optimist@0.6.1
101 silly idealTree | | +-- minimist@0.0.10
101 silly idealTree | | `-- wordwrap@0.0.3
101 silly idealTree | `-- uglify-js@2.4.24
101 silly idealTree |   +-- async@0.2.10
101 silly idealTree |   +-- source-map@0.1.34
101 silly idealTree |   | `-- amdefine@1.0.0
101 silly idealTree |   +-- uglify-to-browserify@1.0.2
101 silly idealTree |   `-- yargs@3.5.4
101 silly idealTree |     +-- camelcase@1.2.1
101 silly idealTree |     +-- decamelize@1.2.0
101 silly idealTree |     +-- window-size@0.1.0
101 silly idealTree |     `-- wordwrap@0.0.2
101 silly idealTree +-- throttleit@1.0.0
101 silly idealTree +-- tough-cookie@2.3.1
101 silly idealTree +-- tunnel-agent@0.4.3
101 silly idealTree +-- tweetnacl@0.13.3
101 silly idealTree +-- typedarray@0.0.6
101 silly idealTree +-- util-deprecate@1.0.2
101 silly idealTree +-- verror@1.3.6
101 silly idealTree +-- webpage@0.3.0
101 silly idealTree +-- which@1.2.11
101 silly idealTree +-- winston@2.2.0
101 silly idealTree | `-- async@1.0.0
101 silly idealTree +-- wrappy@1.0.2
101 silly idealTree +-- xtend@4.0.1
101 silly idealTree `-- yauzl@2.4.1
102 silly generateActionsToTake Starting
103 silly install generateActionsToTake
104 silly generateActionsToTake Finishing
105 silly diffTrees action count 2
106 silly diffTrees add nan@2.4.0
107 silly diffTrees add canvas@1.5.0
108 silly decomposeActions action count 16
109 silly decomposeActions fetch nan@2.4.0
110 silly decomposeActions extract nan@2.4.0
111 silly decomposeActions test nan@2.4.0
112 silly decomposeActions preinstall nan@2.4.0
113 silly decomposeActions build nan@2.4.0
114 silly decomposeActions install nan@2.4.0
115 silly decomposeActions postinstall nan@2.4.0
116 silly decomposeActions finalize nan@2.4.0
117 silly decomposeActions fetch canvas@1.5.0
118 silly decomposeActions extract canvas@1.5.0
119 silly decomposeActions test canvas@1.5.0
120 silly decomposeActions preinstall canvas@1.5.0
121 silly decomposeActions build canvas@1.5.0
122 silly decomposeActions install canvas@1.5.0
123 silly decomposeActions postinstall canvas@1.5.0
124 silly decomposeActions finalize canvas@1.5.0
125 silly executeActions Starting
126 silly install executeActions
127 silly doSerial global-install 0
128 silly doParallel fetch 2
129 verbose correctMkdir C:\Users\RED25\AppData\Roaming\npm-cache\_locks correctMkdir not in flight; initializing
130 verbose lock using C:\Users\RED25\AppData\Roaming\npm-cache\_locks\staging-2e3734224b5e8bdf.lock for C:\Users\RED25\Documents\GitHub\portal-referencias\node_modules\.staging
131 silly doParallel extract 2
132 silly extract nan@2.4.0
133 silly extract canvas@1.5.0
134 verbose unbuild node_modules\.staging\nan-140b75b0
135 verbose unbuild node_modules\.staging\canvas-58bb1510
136 silly gentlyRm C:\Users\RED25\Documents\GitHub\portal-referencias\node_modules\.staging\nan-140b75b0 is being purged from base C:\Users\RED25\Documents\GitHub\portal-referencias
137 verbose gentlyRm don't care about contents; nuking C:\Users\RED25\Documents\GitHub\portal-referencias\node_modules\.staging\nan-140b75b0
138 silly gentlyRm C:\Users\RED25\Documents\GitHub\portal-referencias\node_modules\.staging\canvas-58bb1510 is being purged from base C:\Users\RED25\Documents\GitHub\portal-referencias
139 verbose gentlyRm don't care about contents; nuking C:\Users\RED25\Documents\GitHub\portal-referencias\node_modules\.staging\canvas-58bb1510
140 verbose tar unpack C:\Users\RED25\AppData\Roaming\npm-cache\nan\2.4.0\package.tgz
141 verbose tar unpacking to C:\Users\RED25\Documents\GitHub\portal-referencias\node_modules\.staging\nan-140b75b0
142 silly gentlyRm C:\Users\RED25\Documents\GitHub\portal-referencias\node_modules\.staging\nan-140b75b0 is being purged
143 verbose gentlyRm don't care about contents; nuking C:\Users\RED25\Documents\GitHub\portal-referencias\node_modules\.staging\nan-140b75b0
144 verbose tar unpack C:\Users\RED25\AppData\Roaming\npm-cache\canvas\1.5.0\package.tgz
145 verbose tar unpacking to C:\Users\RED25\Documents\GitHub\portal-referencias\node_modules\.staging\canvas-58bb1510
146 silly gentlyRm C:\Users\RED25\Documents\GitHub\portal-referencias\node_modules\.staging\canvas-58bb1510 is being purged
147 verbose gentlyRm don't care about contents; nuking C:\Users\RED25\Documents\GitHub\portal-referencias\node_modules\.staging\canvas-58bb1510
148 silly gunzTarPerm modes [ '777', '666' ]
149 silly gunzTarPerm modes [ '777', '666' ]
150 silly gunzTarPerm extractEntry package.json
151 silly gunzTarPerm modified mode [ 'package.json', 436, 438 ]
152 silly gunzTarPerm extractEntry package.json
153 silly gunzTarPerm modified mode [ 'package.json', 420, 438 ]
154 silly gunzTarPerm extractEntry README.md
155 silly gunzTarPerm modified mode [ 'README.md', 436, 438 ]
156 silly gunzTarPerm extractEntry .npmignore
157 silly gunzTarPerm modified mode [ '.npmignore', 420, 438 ]
158 silly gunzTarPerm extractEntry index.js
159 silly gunzTarPerm modified mode [ 'index.js', 420, 438 ]
160 silly gunzTarPerm extractEntry include_dirs.js
161 silly gunzTarPerm modified mode [ 'include_dirs.js', 436, 438 ]
162 silly gunzTarPerm extractEntry nan_callbacks_pre_12_inl.h
163 silly gunzTarPerm modified mode [ 'nan_callbacks_pre_12_inl.h', 436, 438 ]
164 silly gunzTarPerm extractEntry CHANGELOG.md
165 silly gunzTarPerm modified mode [ 'CHANGELOG.md', 436, 438 ]
166 silly gunzTarPerm extractEntry LICENSE.md
167 silly gunzTarPerm modified mode [ 'LICENSE.md', 436, 438 ]
168 silly gunzTarPerm extractEntry History.md
169 silly gunzTarPerm modified mode [ 'History.md', 420, 438 ]
170 silly gunzTarPerm extractEntry Readme.md
171 silly gunzTarPerm modified mode [ 'Readme.md', 420, 438 ]
172 silly gunzTarPerm extractEntry binding.gyp
173 silly gunzTarPerm modified mode [ 'binding.gyp', 493, 511 ]
174 silly gunzTarPerm extractEntry .github/ISSUE_TEMPLATE.md
175 silly gunzTarPerm modified mode [ '.github/ISSUE_TEMPLATE.md', 420, 438 ]
176 silly gunzTarPerm extractEntry lib/bindings.js
177 silly gunzTarPerm modified mode [ 'lib/bindings.js', 420, 438 ]
178 silly gunzTarPerm extractEntry lib/canvas.js
179 silly gunzTarPerm modified mode [ 'lib/canvas.js', 420, 438 ]
180 silly gunzTarPerm extractEntry lib/context2d.js
181 silly gunzTarPerm modified mode [ 'lib/context2d.js', 420, 438 ]
182 silly gunzTarPerm extractEntry lib/image.js
183 silly gunzTarPerm modified mode [ 'lib/image.js', 420, 438 ]
184 silly gunzTarPerm extractEntry lib/jpegstream.js
185 silly gunzTarPerm modified mode [ 'lib/jpegstream.js', 420, 438 ]
186 silly gunzTarPerm extractEntry lib/pdfstream.js
187 silly gunzTarPerm modified mode [ 'lib/pdfstream.js', 420, 438 ]
188 silly gunzTarPerm extractEntry lib/pngstream.js
189 silly gunzTarPerm modified mode [ 'lib/pngstream.js', 420, 438 ]
190 silly gunzTarPerm extractEntry .travis.yml
191 silly gunzTarPerm modified mode [ '.travis.yml', 420, 438 ]
192 silly gunzTarPerm extractEntry src/Image.cc
193 silly gunzTarPerm modified mode [ 'src/Image.cc', 420, 438 ]
194 silly gunzTarPerm extractEntry src/Canvas.cc
195 silly gunzTarPerm modified mode [ 'src/Canvas.cc', 420, 438 ]
196 silly gunzTarPerm extractEntry src/CanvasGradient.cc
197 silly gunzTarPerm modified mode [ 'src/CanvasGradient.cc', 420, 438 ]
198 silly gunzTarPerm extractEntry src/CanvasGradient.h
199 silly gunzTarPerm modified mode [ 'src/CanvasGradient.h', 420, 438 ]
200 silly gunzTarPerm extractEntry src/CanvasPattern.cc
201 silly gunzTarPerm modified mode [ 'src/CanvasPattern.cc', 420, 438 ]
202 silly gunzTarPerm extractEntry src/CanvasPattern.h
203 silly gunzTarPerm modified mode [ 'src/CanvasPattern.h', 420, 438 ]
204 silly gunzTarPerm extractEntry src/CanvasRenderingContext2d.cc
205 silly gunzTarPerm modified mode [ 'src/CanvasRenderingContext2d.cc', 493, 511 ]
206 silly gunzTarPerm extractEntry src/CanvasRenderingContext2d.h
207 silly gunzTarPerm modified mode [ 'src/CanvasRenderingContext2d.h', 420, 438 ]
208 silly gunzTarPerm extractEntry src/FontFace.cc
209 silly gunzTarPerm modified mode [ 'src/FontFace.cc', 493, 511 ]
210 silly gunzTarPerm extractEntry src/FontFace.h
211 silly gunzTarPerm modified mode [ 'src/FontFace.h', 420, 438 ]
212 silly gunzTarPerm extractEntry src/Canvas.h
213 silly gunzTarPerm modified mode [ 'src/Canvas.h', 420, 438 ]
214 silly gunzTarPerm extractEntry src/Image.h
215 silly gunzTarPerm modified mode [ 'src/Image.h', 420, 438 ]
216 silly gunzTarPerm extractEntry src/ImageData.cc
217 silly gunzTarPerm modified mode [ 'src/ImageData.cc', 420, 438 ]
218 silly gunzTarPerm extractEntry src/ImageData.h
219 silly gunzTarPerm modified mode [ 'src/ImageData.h', 420, 438 ]
220 silly gunzTarPerm extractEntry src/JPEGStream.h
221 silly gunzTarPerm modified mode [ 'src/JPEGStream.h', 420, 438 ]
222 silly gunzTarPerm extractEntry src/PNG.h
223 silly gunzTarPerm modified mode [ 'src/PNG.h', 420, 438 ]
224 silly gunzTarPerm extractEntry src/Point.h
225 silly gunzTarPerm modified mode [ 'src/Point.h', 420, 438 ]
226 silly gunzTarPerm extractEntry src/closure.h
227 silly gunzTarPerm modified mode [ 'src/closure.h', 420, 438 ]
228 silly gunzTarPerm extractEntry src/color.cc
229 silly gunzTarPerm modified mode [ 'src/color.cc', 420, 438 ]
230 silly gunzTarPerm extractEntry src/color.h
231 silly gunzTarPerm modified mode [ 'src/color.h', 420, 438 ]
232 silly gunzTarPerm extractEntry src/init.cc
233 silly gunzTarPerm modified mode [ 'src/init.cc', 493, 511 ]
234 silly gunzTarPerm extractEntry util/has_lib.sh
235 silly gunzTarPerm modified mode [ 'util/has_lib.sh', 493, 511 ]
236 silly gunzTarPerm extractEntry doc/node_misc.md
237 silly gunzTarPerm modified mode [ 'doc/node_misc.md', 436, 438 ]
238 silly gunzTarPerm extractEntry doc/asyncworker.md
239 silly gunzTarPerm modified mode [ 'doc/asyncworker.md', 436, 438 ]
240 silly gunzTarPerm extractEntry doc/callback.md
241 silly gunzTarPerm modified mode [ 'doc/callback.md', 436, 438 ]
242 silly gunzTarPerm extractEntry doc/converters.md
243 silly gunzTarPerm modified mode [ 'doc/converters.md', 436, 438 ]
244 silly gunzTarPerm extractEntry doc/errors.md
245 silly gunzTarPerm modified mode [ 'doc/errors.md', 436, 438 ]
246 silly gunzTarPerm extractEntry doc/maybe_types.md
247 silly gunzTarPerm modified mode [ 'doc/maybe_types.md', 436, 438 ]
248 silly gunzTarPerm extractEntry doc/methods.md
249 silly gunzTarPerm modified mode [ 'doc/methods.md', 436, 438 ]
250 silly gunzTarPerm extractEntry doc/new.md
251 silly gunzTarPerm modified mode [ 'doc/new.md', 436, 438 ]
252 silly gunzTarPerm extractEntry doc/buffers.md
253 silly gunzTarPerm modified mode [ 'doc/buffers.md', 436, 438 ]
254 silly gunzTarPerm extractEntry doc/object_wrappers.md
255 silly gunzTarPerm modified mode [ 'doc/object_wrappers.md', 436, 438 ]
256 silly gunzTarPerm extractEntry doc/persistent.md
257 silly gunzTarPerm modified mode [ 'doc/persistent.md', 436, 438 ]
258 silly gunzTarPerm extractEntry doc/scopes.md
259 silly gunzTarPerm modified mode [ 'doc/scopes.md', 436, 438 ]
260 silly gunzTarPerm extractEntry doc/script.md
261 silly gunzTarPerm modified mode [ 'doc/script.md', 436, 438 ]
262 silly gunzTarPerm extractEntry doc/string_bytes.md
263 silly gunzTarPerm modified mode [ 'doc/string_bytes.md', 436, 438 ]
264 silly gunzTarPerm extractEntry doc/v8_internals.md
265 silly gunzTarPerm modified mode [ 'doc/v8_internals.md', 436, 438 ]
266 silly gunzTarPerm extractEntry doc/v8_misc.md
267 silly gunzTarPerm modified mode [ 'doc/v8_misc.md', 436, 438 ]
268 silly gunzTarPerm extractEntry nan.h
269 silly gunzTarPerm modified mode [ 'nan.h', 436, 438 ]
270 silly gunzTarPerm extractEntry nan_callbacks.h
271 silly gunzTarPerm modified mode [ 'nan_callbacks.h', 436, 438 ]
272 silly gunzTarPerm extractEntry nan_callbacks_12_inl.h
273 silly gunzTarPerm modified mode [ 'nan_callbacks_12_inl.h', 436, 438 ]
274 silly gunzTarPerm extractEntry nan_converters.h
275 silly gunzTarPerm modified mode [ 'nan_converters.h', 436, 438 ]
276 silly gunzTarPerm extractEntry nan_converters_43_inl.h
277 silly gunzTarPerm modified mode [ 'nan_converters_43_inl.h', 436, 438 ]
278 silly gunzTarPerm extractEntry nan_converters_pre_43_inl.h
279 silly gunzTarPerm modified mode [ 'nan_converters_pre_43_inl.h', 436, 438 ]
280 silly gunzTarPerm extractEntry nan_implementation_12_inl.h
281 silly gunzTarPerm modified mode [ 'nan_implementation_12_inl.h', 436, 438 ]
282 silly gunzTarPerm extractEntry nan_implementation_pre_12_inl.h
283 silly gunzTarPerm modified mode [ 'nan_implementation_pre_12_inl.h', 436, 438 ]
284 silly gunzTarPerm extractEntry nan_maybe_43_inl.h
285 silly gunzTarPerm modified mode [ 'nan_maybe_43_inl.h', 436, 438 ]
286 silly gunzTarPerm extractEntry nan_maybe_pre_43_inl.h
287 silly gunzTarPerm modified mode [ 'nan_maybe_pre_43_inl.h', 436, 438 ]
288 silly gunzTarPerm extractEntry nan_new.h
289 silly gunzTarPerm modified mode [ 'nan_new.h', 436, 438 ]
290 silly gunzTarPerm extractEntry nan_object_wrap.h
291 silly gunzTarPerm modified mode [ 'nan_object_wrap.h', 436, 438 ]
292 silly gunzTarPerm extractEntry nan_persistent_12_inl.h
293 silly gunzTarPerm modified mode [ 'nan_persistent_12_inl.h', 436, 438 ]
294 silly gunzTarPerm extractEntry nan_persistent_pre_12_inl.h
295 silly gunzTarPerm modified mode [ 'nan_persistent_pre_12_inl.h', 436, 438 ]
296 silly gunzTarPerm extractEntry nan_string_bytes.h
297 silly gunzTarPerm modified mode [ 'nan_string_bytes.h', 436, 438 ]
298 silly gunzTarPerm extractEntry nan_typedarray_contents.h
299 silly gunzTarPerm modified mode [ 'nan_typedarray_contents.h', 436, 438 ]
300 silly gunzTarPerm extractEntry nan_weak.h
301 silly gunzTarPerm modified mode [ 'nan_weak.h', 436, 438 ]
302 silly gunzTarPerm extractEntry tools/package.json
303 silly gunzTarPerm modified mode [ 'tools/package.json', 436, 438 ]
304 silly gunzTarPerm extractEntry tools/README.md
305 silly gunzTarPerm modified mode [ 'tools/README.md', 436, 438 ]
306 silly gunzTarPerm extractEntry tools/1to2.js
307 silly gunzTarPerm modified mode [ 'tools/1to2.js', 509, 511 ]
308 silly gentlyRm C:\Users\RED25\Documents\GitHub\portal-referencias\node_modules\.staging\canvas-58bb1510\node_modules is being purged
309 verbose gentlyRm don't care about contents; nuking C:\Users\RED25\Documents\GitHub\portal-referencias\node_modules\.staging\canvas-58bb1510\node_modules
310 silly gentlyRm C:\Users\RED25\Documents\GitHub\portal-referencias\node_modules\.staging\nan-140b75b0\node_modules is being purged
311 verbose gentlyRm don't care about contents; nuking C:\Users\RED25\Documents\GitHub\portal-referencias\node_modules\.staging\nan-140b75b0\node_modules
312 silly doParallel preinstall 2
313 silly preinstall nan@2.4.0 C:\Users\RED25\Documents\GitHub\portal-referencias\node_modules\.staging\nan-140b75b0
314 info lifecycle nan@2.4.0~preinstall: nan@2.4.0
315 silly preinstall canvas@1.5.0 C:\Users\RED25\Documents\GitHub\portal-referencias\node_modules\.staging\canvas-58bb1510
316 info lifecycle canvas@1.5.0~preinstall: canvas@1.5.0
317 silly lifecycle nan@2.4.0~preinstall: no script for preinstall, continuing
318 silly lifecycle canvas@1.5.0~preinstall: no script for preinstall, continuing
319 silly doReverseSerial remove 0
320 silly doSerial move 0
321 silly doSerial finalize 2
322 silly finalize C:\Users\RED25\Documents\GitHub\portal-referencias\node_modules\nan
323 silly finalize C:\Users\RED25\Documents\GitHub\portal-referencias\node_modules\canvas
324 silly doSerial build 2
325 silly build nan@2.4.0
326 info linkStuff nan@2.4.0
327 silly linkStuff nan@2.4.0 has C:\Users\RED25\Documents\GitHub\portal-referencias\node_modules as its parent node_modules
328 verbose linkBins nan@2.4.0
329 verbose linkMans nan@2.4.0
330 silly build canvas@1.5.0
331 info linkStuff canvas@1.5.0
332 silly linkStuff canvas@1.5.0 has C:\Users\RED25\Documents\GitHub\portal-referencias\node_modules as its parent node_modules
333 verbose linkBins canvas@1.5.0
334 verbose linkMans canvas@1.5.0
335 silly doSerial global-link 0
336 silly doParallel update-linked 0
337 silly doSerial install 2
338 silly install nan@2.4.0 C:\Users\RED25\Documents\GitHub\portal-referencias\node_modules\.staging\nan-140b75b0
339 info lifecycle nan@2.4.0~install: nan@2.4.0
340 silly lifecycle nan@2.4.0~install: no script for install, continuing
341 silly install canvas@1.5.0 C:\Users\RED25\Documents\GitHub\portal-referencias\node_modules\.staging\canvas-58bb1510
342 info lifecycle canvas@1.5.0~install: canvas@1.5.0
343 verbose lifecycle canvas@1.5.0~install: unsafe-perm in lifecycle true
344 verbose lifecycle canvas@1.5.0~install: PATH: C:\Users\RED25\AppData\Roaming\npm\node_modules\npm\bin\node-gyp-bin;C:\Users\RED25\Documents\GitHub\portal-referencias\node_modules\canvas\node_modules\.bin;C:\Users\RED25\Documents\GitHub\portal-referencias\node_modules\.bin;C:\Program Files\Broadcom\Broadcom 802.11;C:\WINDOWS\system32;C:\WINDOWS;C:\WINDOWS\System32\Wbem;C:\WINDOWS\System32\WindowsPowerShell\v1.0\;C:\WINDOWS\system32\config\systemprofile\.dnx\bin;C:\Program Files\Microsoft DNX\Dnvm\;C:\Program Files\Microsoft SQL Server\130\Tools\Binn\;C:\Program Files\Microsoft SQL Server\Client SDK\ODBC\110\Tools\Binn\;C:\Program Files (x86)\Microsoft SQL Server\120\Tools\Binn\;C:\Program Files\Microsoft SQL Server\120\Tools\Binn\;C:\Program Files\Microsoft SQL Server\120\DTS\Binn\;C:\Program Files (x86)\Microsoft SQL Server\120\Tools\Binn\ManagementStudio\;C:\Program Files (x86)\Microsoft SQL Server\120\DTS\Binn\;C:\Program Files\nodejs\;C:\Program Files\Git\cmd;C:\Program Files (x86)\Brackets\command;C:\Users\RED25\AppData\Roaming\npm
345 verbose lifecycle canvas@1.5.0~install: CWD: C:\Users\RED25\Documents\GitHub\portal-referencias\node_modules\canvas
346 silly lifecycle canvas@1.5.0~install: Args: [ '/d /s /c', 'node-gyp rebuild' ]
347 silly lifecycle canvas@1.5.0~install: Returned: code: 1  signal: null
348 info lifecycle canvas@1.5.0~install: Failed to exec install script
349 verbose unlock done using C:\Users\RED25\AppData\Roaming\npm-cache\_locks\staging-2e3734224b5e8bdf.lock for C:\Users\RED25\Documents\GitHub\portal-referencias\node_modules\.staging
350 silly rollbackFailedOptional Starting
351 silly rollbackFailedOptional Finishing
352 silly runTopLevelLifecycles Starting
353 silly runTopLevelLifecycles Finishing
354 silly install printInstalled
355 warn centralizacion@0.1.0 No description
356 warn centralizacion@0.1.0 No repository field.
357 warn centralizacion@0.1.0 No license field.
358 verbose stack Error: canvas@1.5.0 install: `node-gyp rebuild`
358 verbose stack Exit status 1
358 verbose stack     at EventEmitter.<anonymous> (C:\Users\RED25\AppData\Roaming\npm\node_modules\npm\lib\utils\lifecycle.js:255:16)
358 verbose stack     at emitTwo (events.js:100:13)
358 verbose stack     at EventEmitter.emit (events.js:185:7)
358 verbose stack     at ChildProcess.<anonymous> (C:\Users\RED25\AppData\Roaming\npm\node_modules\npm\lib\utils\spawn.js:40:14)
358 verbose stack     at emitTwo (events.js:100:13)
358 verbose stack     at ChildProcess.emit (events.js:185:7)
358 verbose stack     at maybeClose (internal/child_process.js:850:16)
358 verbose stack     at Process.ChildProcess._handle.onexit (internal/child_process.js:215:5)
359 verbose pkgid canvas@1.5.0
360 verbose cwd C:\Users\RED25\Documents\GitHub\portal-referencias
361 error Windows_NT 10.0.10586
362 error argv "C:\\Program Files\\nodejs\\node.exe" "C:\\Users\\RED25\\AppData\\Roaming\\npm\\node_modules\\npm\\bin\\npm-cli.js" "install" "canvas" "--saved"
363 error node v5.10.0
364 error npm  v3.10.6
365 error code ELIFECYCLE
366 error canvas@1.5.0 install: `node-gyp rebuild`
366 error Exit status 1
367 error Failed at the canvas@1.5.0 install script 'node-gyp rebuild'.
367 error Make sure you have the latest version of node.js and npm installed.
367 error If you do, this is most likely a problem with the canvas package,
367 error not with npm itself.
367 error Tell the author that this fails on your system:
367 error     node-gyp rebuild
367 error You can get information on how to open an issue for this project with:
367 error     npm bugs canvas
367 error Or if that isn't available, you can get their info via:
367 error     npm owner ls canvas
367 error There is likely additional logging output above.
368 verbose exit [ 1, true ]
